Analysis & Synthesis report for project3aTop
Tue Apr 03 21:28:07 2018
Quartus Prime Version 16.1.0 Build 196 10/24/2016 SJ Lite Edition


---------------------
; Table of Contents ;
---------------------
  1. Legal Notice
  2. Analysis & Synthesis Summary
  3. Analysis & Synthesis Settings
  4. Parallel Compilation
  5. Analysis & Synthesis Source Files Read
  6. Analysis & Synthesis Resource Usage Summary
  7. Analysis & Synthesis Resource Utilization by Entity
  8. General Register Statistics
  9. Multiplexer Restructuring Statistics (Restructuring Performed)
 10. Port Connectivity Checks: "seven_segment_display_driver_cgrundey:D4"
 11. Port Connectivity Checks: "seven_segment_display_driver_cgrundey:D2"
 12. Port Connectivity Checks: "dual_converter_cgrundey:C1|sn185_cgrundey:C2"
 13. Port Connectivity Checks: "dual_converter_cgrundey:C1|sn184_cgrundey:C1"
 14. Post-Synthesis Netlist Statistics for Top Partition
 15. Elapsed Time Per Partition
 16. Analysis & Synthesis Messages



----------------
; Legal Notice ;
----------------
Copyright (C) 2016  Intel Corporation. All rights reserved.
Your use of Intel Corporation's design tools, logic functions 
and other software and tools, and its AMPP partner logic 
functions, and any output files from any of the foregoing 
(including device programming or simulation files), and any 
associated documentation or information are expressly subject 
to the terms and conditions of the Intel Program License 
Subscription Agreement, the Intel Quartus Prime License Agreement,
the Intel MegaCore Function License Agreement, or other 
applicable license agreement, including, without limitation, 
that your use is for the sole purpose of programming logic 
devices manufactured by Intel and sold by Intel or its 
authorized distributors.  Please refer to the applicable 
agreement for further details.



+-------------------------------------------------------------------------------+
; Analysis & Synthesis Summary                                                  ;
+---------------------------------+---------------------------------------------+
; Analysis & Synthesis Status     ; Successful - Tue Apr 03 21:28:07 2018       ;
; Quartus Prime Version           ; 16.1.0 Build 196 10/24/2016 SJ Lite Edition ;
; Revision Name                   ; project3aTop                                ;
; Top-level Entity Name           ; project3aTop                                ;
; Family                          ; Cyclone V                                   ;
; Logic utilization (in ALMs)     ; N/A                                         ;
; Total registers                 ; 0                                           ;
; Total pins                      ; 62                                          ;
; Total virtual pins              ; 0                                           ;
; Total block memory bits         ; 0                                           ;
; Total DSP Blocks                ; 0                                           ;
; Total HSSI RX PCSs              ; 0                                           ;
; Total HSSI PMA RX Deserializers ; 0                                           ;
; Total HSSI TX PCSs              ; 0                                           ;
; Total HSSI PMA TX Serializers   ; 0                                           ;
; Total PLLs                      ; 0                                           ;
; Total DLLs                      ; 0                                           ;
+---------------------------------+---------------------------------------------+


+---------------------------------------------------------------------------------------------------------------------------+
; Analysis & Synthesis Settings                                                                                             ;
+---------------------------------------------------------------------------------+--------------------+--------------------+
; Option                                                                          ; Setting            ; Default Value      ;
+---------------------------------------------------------------------------------+--------------------+--------------------+
; Device                                                                          ; 5CSEMA5F31C6       ;                    ;
; Top-level entity name                                                           ; project3aTop       ; project3aTop       ;
; Family name                                                                     ; Cyclone V          ; Cyclone V          ;
; Use smart compilation                                                           ; Off                ; Off                ;
; Enable parallel Assembler and TimeQuest Timing Analyzer during compilation      ; On                 ; On                 ;
; Enable compact report table                                                     ; Off                ; Off                ;
; Restructure Multiplexers                                                        ; Auto               ; Auto               ;
; MLAB Add Timing Constraints For Mixed-Port Feed-Through Mode Setting Don't Care ; Off                ; Off                ;
; Create Debugging Nodes for IP Cores                                             ; Off                ; Off                ;
; Preserve fewer node names                                                       ; On                 ; On                 ;
; OpenCore Plus hardware evaluation                                               ; Enable             ; Enable             ;
; Verilog Version                                                                 ; Verilog_2001       ; Verilog_2001       ;
; VHDL Version                                                                    ; VHDL_1993          ; VHDL_1993          ;
; State Machine Processing                                                        ; Auto               ; Auto               ;
; Safe State Machine                                                              ; Off                ; Off                ;
; Extract Verilog State Machines                                                  ; On                 ; On                 ;
; Extract VHDL State Machines                                                     ; On                 ; On                 ;
; Ignore Verilog initial constructs                                               ; Off                ; Off                ;
; Iteration limit for constant Verilog loops                                      ; 5000               ; 5000               ;
; Iteration limit for non-constant Verilog loops                                  ; 250                ; 250                ;
; Add Pass-Through Logic to Inferred RAMs                                         ; On                 ; On                 ;
; Infer RAMs from Raw Logic                                                       ; On                 ; On                 ;
; Parallel Synthesis                                                              ; On                 ; On                 ;
; DSP Block Balancing                                                             ; Auto               ; Auto               ;
; NOT Gate Push-Back                                                              ; On                 ; On                 ;
; Power-Up Don't Care                                                             ; On                 ; On                 ;
; Remove Redundant Logic Cells                                                    ; Off                ; Off                ;
; Remove Duplicate Registers                                                      ; On                 ; On                 ;
; Ignore CARRY Buffers                                                            ; Off                ; Off                ;
; Ignore CASCADE Buffers                                                          ; Off                ; Off                ;
; Ignore GLOBAL Buffers                                                           ; Off                ; Off                ;
; Ignore ROW GLOBAL Buffers                                                       ; Off                ; Off                ;
; Ignore LCELL Buffers                                                            ; Off                ; Off                ;
; Ignore SOFT Buffers                                                             ; On                 ; On                 ;
; Limit AHDL Integers to 32 Bits                                                  ; Off                ; Off                ;
; Optimization Technique                                                          ; Balanced           ; Balanced           ;
; Carry Chain Length                                                              ; 70                 ; 70                 ;
; Auto Carry Chains                                                               ; On                 ; On                 ;
; Auto Open-Drain Pins                                                            ; On                 ; On                 ;
; Perform WYSIWYG Primitive Resynthesis                                           ; Off                ; Off                ;
; Auto ROM Replacement                                                            ; On                 ; On                 ;
; Auto RAM Replacement                                                            ; On                 ; On                 ;
; Auto DSP Block Replacement                                                      ; On                 ; On                 ;
; Auto Shift Register Replacement                                                 ; Auto               ; Auto               ;
; Allow Shift Register Merging across Hierarchies                                 ; Auto               ; Auto               ;
; Auto Clock Enable Replacement                                                   ; On                 ; On                 ;
; Strict RAM Replacement                                                          ; Off                ; Off                ;
; Allow Synchronous Control Signals                                               ; On                 ; On                 ;
; Force Use of Synchronous Clear Signals                                          ; Off                ; Off                ;
; Auto Resource Sharing                                                           ; Off                ; Off                ;
; Allow Any RAM Size For Recognition                                              ; Off                ; Off                ;
; Allow Any ROM Size For Recognition                                              ; Off                ; Off                ;
; Allow Any Shift Register Size For Recognition                                   ; Off                ; Off                ;
; Use LogicLock Constraints during Resource Balancing                             ; On                 ; On                 ;
; Ignore translate_off and synthesis_off directives                               ; Off                ; Off                ;
; Timing-Driven Synthesis                                                         ; On                 ; On                 ;
; Report Parameter Settings                                                       ; On                 ; On                 ;
; Report Source Assignments                                                       ; On                 ; On                 ;
; Report Connectivity Checks                                                      ; On                 ; On                 ;
; Ignore Maximum Fan-Out Assignments                                              ; Off                ; Off                ;
; Synchronization Register Chain Length                                           ; 3                  ; 3                  ;
; PowerPlay Power Optimization During Synthesis                                   ; Normal compilation ; Normal compilation ;
; HDL message level                                                               ; Level2             ; Level2             ;
; Suppress Register Optimization Related Messages                                 ; Off                ; Off                ;
; Number of Removed Registers Reported in Synthesis Report                        ; 5000               ; 5000               ;
; Number of Swept Nodes Reported in Synthesis Report                              ; 5000               ; 5000               ;
; Number of Inverted Registers Reported in Synthesis Report                       ; 100                ; 100                ;
; Clock MUX Protection                                                            ; On                 ; On                 ;
; Auto Gated Clock Conversion                                                     ; Off                ; Off                ;
; Block Design Naming                                                             ; Auto               ; Auto               ;
; SDC constraint protection                                                       ; Off                ; Off                ;
; Synthesis Effort                                                                ; Auto               ; Auto               ;
; Shift Register Replacement - Allow Asynchronous Clear Signal                    ; On                 ; On                 ;
; Pre-Mapping Resynthesis Optimization                                            ; Off                ; Off                ;
; Analysis & Synthesis Message Level                                              ; Medium             ; Medium             ;
; Disable Register Merging Across Hierarchies                                     ; Auto               ; Auto               ;
; Resource Aware Inference For Block RAM                                          ; On                 ; On                 ;
; Automatic Parallel Synthesis                                                    ; On                 ; On                 ;
; Partial Reconfiguration Bitstream ID                                            ; Off                ; Off                ;
+---------------------------------------------------------------------------------+--------------------+--------------------+


+------------------------------------------+
; Parallel Compilation                     ;
+----------------------------+-------------+
; Processors                 ; Number      ;
+----------------------------+-------------+
; Number detected on machine ; 4           ;
; Maximum allowed            ; 2           ;
;                            ;             ;
; Average used               ; 1.00        ;
; Maximum used               ; 1           ;
;                            ;             ;
; Usage by Processor         ; % Time Used ;
;     Processor 1            ; 100.0%      ;
+----------------------------+-------------+


+----------------------------------------------------------------------------------------------------------------------------------------------------------------------------------------------------------------------------+
; Analysis & Synthesis Source Files Read                                                                                                                                                                                     ;
+-----------------------------------------+-----------------+------------------------+-----------------------------------------------------------------------------------------------------------------------------+---------+
; File Name with User-Entered Path        ; Used in Netlist ; File Type              ; File Name with Absolute Path                                                                                                ; Library ;
+-----------------------------------------+-----------------+------------------------+-----------------------------------------------------------------------------------------------------------------------------+---------+
; project3aTop.v                          ; yes             ; User Verilog HDL File  ; C:/Users/cjgru/Documents/Senior/Digital_Design_I/cgrundey_P3A/project3aTop_restored/project3aTop.v                          ;         ;
; symbol_driver_cgrundey.v                ; yes             ; User Verilog HDL File  ; C:/Users/cjgru/Documents/Senior/Digital_Design_I/cgrundey_P3A/project3aTop_restored/symbol_driver_cgrundey.v                ;         ;
; dual_converter_cgrundey.v               ; yes             ; User Verilog HDL File  ; C:/Users/cjgru/Documents/Senior/Digital_Design_I/cgrundey_P3A/project3aTop_restored/dual_converter_cgrundey.v               ;         ;
; sn184_cgrundey.v                        ; yes             ; User Verilog HDL File  ; C:/Users/cjgru/Documents/Senior/Digital_Design_I/cgrundey_P3A/project3aTop_restored/sn184_cgrundey.v                        ;         ;
; sn185_cgrundey.v                        ; yes             ; User Verilog HDL File  ; C:/Users/cjgru/Documents/Senior/Digital_Design_I/cgrundey_P3A/project3aTop_restored/sn185_cgrundey.v                        ;         ;
; seven_segment_display_driver_cgrundey.v ; yes             ; User Verilog HDL File  ; C:/Users/cjgru/Documents/Senior/Digital_Design_I/cgrundey_P3A/project3aTop_restored/seven_segment_display_driver_cgrundey.v ;         ;
+-----------------------------------------+-----------------+------------------------+-----------------------------------------------------------------------------------------------------------------------------+---------+


+-----------------------------------------------------------+
; Analysis & Synthesis Resource Usage Summary               ;
+---------------------------------------------+-------------+
; Resource                                    ; Usage       ;
+---------------------------------------------+-------------+
; Estimate of Logic utilization (ALMs needed) ; 18          ;
;                                             ;             ;
; Combinational ALUT usage for logic          ; 28          ;
;     -- 7 input functions                    ; 0           ;
;     -- 6 input functions                    ; 8           ;
;     -- 5 input functions                    ; 5           ;
;     -- 4 input functions                    ; 11          ;
;     -- <=3 input functions                  ; 4           ;
;                                             ;             ;
; Dedicated logic registers                   ; 0           ;
;                                             ;             ;
; I/O pins                                    ; 62          ;
;                                             ;             ;
; Total DSP Blocks                            ; 0           ;
;                                             ;             ;
; Maximum fan-out node                        ; SW[3]~input ;
; Maximum fan-out                             ; 18          ;
; Total fan-out                               ; 225         ;
; Average fan-out                             ; 1.48        ;
+---------------------------------------------+-------------+


+----------------------------------------------------------------------------------------------------------------------------------------------------------------------------------------------------------------------------------------------------------------------------+
; Analysis & Synthesis Resource Utilization by Entity                                                                                                                                                                                                                        ;
+-----------------------------------------------+---------------------+---------------------------+-------------------+------------+------+--------------+------------------------------------------------------------+---------------------------------------+--------------+
; Compilation Hierarchy Node                    ; Combinational ALUTs ; Dedicated Logic Registers ; Block Memory Bits ; DSP Blocks ; Pins ; Virtual Pins ; Full Hierarchy Name                                        ; Entity Name                           ; Library Name ;
+-----------------------------------------------+---------------------+---------------------------+-------------------+------------+------+--------------+------------------------------------------------------------+---------------------------------------+--------------+
; |project3aTop                                 ; 28 (0)              ; 0 (0)                     ; 0                 ; 0          ; 62   ; 0            ; |project3aTop                                              ; project3aTop                          ; work         ;
;    |dual_converter_cgrundey:C1|               ; 8 (7)               ; 0 (0)                     ; 0                 ; 0          ; 0    ; 0            ; |project3aTop|dual_converter_cgrundey:C1                   ; dual_converter_cgrundey               ; work         ;
;       |sn185_cgrundey:C2|                     ; 1 (1)               ; 0 (0)                     ; 0                 ; 0          ; 0    ; 0            ; |project3aTop|dual_converter_cgrundey:C1|sn185_cgrundey:C2 ; sn185_cgrundey                        ; work         ;
;    |seven_segment_display_driver_cgrundey:D1| ; 7 (7)               ; 0 (0)                     ; 0                 ; 0          ; 0    ; 0            ; |project3aTop|seven_segment_display_driver_cgrundey:D1     ; seven_segment_display_driver_cgrundey ; work         ;
;    |seven_segment_display_driver_cgrundey:D2| ; 3 (3)               ; 0 (0)                     ; 0                 ; 0          ; 0    ; 0            ; |project3aTop|seven_segment_display_driver_cgrundey:D2     ; seven_segment_display_driver_cgrundey ; work         ;
;    |seven_segment_display_driver_cgrundey:D3| ; 7 (7)               ; 0 (0)                     ; 0                 ; 0          ; 0    ; 0            ; |project3aTop|seven_segment_display_driver_cgrundey:D3     ; seven_segment_display_driver_cgrundey ; work         ;
;    |seven_segment_display_driver_cgrundey:D4| ; 3 (3)               ; 0 (0)                     ; 0                 ; 0          ; 0    ; 0            ; |project3aTop|seven_segment_display_driver_cgrundey:D4     ; seven_segment_display_driver_cgrundey ; work         ;
+-----------------------------------------------+---------------------+---------------------------+-------------------+------------+------+--------------+------------------------------------------------------------+---------------------------------------+--------------+
Note: For table entries with two numbers listed, the numbers in parentheses indicate the number of resources of the given type used by the specific entity alone. The numbers listed outside of parentheses indicate the total resources of the given type used by the specific entity and all of its sub-entities in the hierarchy.


+------------------------------------------------------+
; General Register Statistics                          ;
+----------------------------------------------+-------+
; Statistic                                    ; Value ;
+----------------------------------------------+-------+
; Total registers                              ; 0     ;
; Number of registers using Synchronous Clear  ; 0     ;
; Number of registers using Synchronous Load   ; 0     ;
; Number of registers using Asynchronous Clear ; 0     ;
; Number of registers using Asynchronous Load  ; 0     ;
; Number of registers using Clock Enable       ; 0     ;
; Number of registers using Preset             ; 0     ;
+----------------------------------------------+-------+


+-------------------------------------------------------------------------------------------------------------------------------------------------------------------------------------+
; Multiplexer Restructuring Statistics (Restructuring Performed)                                                                                                                      ;
+--------------------+-----------+---------------+----------------------+------------------------+------------+-----------------------------------------------------------------------+
; Multiplexer Inputs ; Bus Width ; Baseline Area ; Area if Restructured ; Saving if Restructured ; Registered ; Example Multiplexer Output                                            ;
+--------------------+-----------+---------------+----------------------+------------------------+------------+-----------------------------------------------------------------------+
; 3:1                ; 3 bits    ; 6 LEs         ; 6 LEs                ; 0 LEs                  ; No         ; |project3aTop|seven_segment_display_driver_cgrundey:D2|hex_display[4] ;
; 3:1                ; 3 bits    ; 6 LEs         ; 6 LEs                ; 0 LEs                  ; No         ; |project3aTop|seven_segment_display_driver_cgrundey:D4|hex_display[4] ;
; 4:1                ; 2 bits    ; 4 LEs         ; 4 LEs                ; 0 LEs                  ; No         ; |project3aTop|seven_segment_display_driver_cgrundey:D2|hex_display[5] ;
; 4:1                ; 2 bits    ; 4 LEs         ; 4 LEs                ; 0 LEs                  ; No         ; |project3aTop|seven_segment_display_driver_cgrundey:D4|hex_display[2] ;
+--------------------+-----------+---------------+----------------------+------------------------+------------+-----------------------------------------------------------------------+


+----------------------------------------------------------------------+
; Port Connectivity Checks: "seven_segment_display_driver_cgrundey:D4" ;
+-----------------+-------+----------+---------------------------------+
; Port            ; Type  ; Severity ; Details                         ;
+-----------------+-------+----------+---------------------------------+
; hex_digit[3..2] ; Input ; Info     ; Stuck at GND                    ;
+-----------------+-------+----------+---------------------------------+


+----------------------------------------------------------------------+
; Port Connectivity Checks: "seven_segment_display_driver_cgrundey:D2" ;
+-----------------+-------+----------+---------------------------------+
; Port            ; Type  ; Severity ; Details                         ;
+-----------------+-------+----------+---------------------------------+
; hex_digit[3..2] ; Input ; Info     ; Stuck at GND                    ;
+-----------------+-------+----------+---------------------------------+


+--------------------------------------------------------------------------+
; Port Connectivity Checks: "dual_converter_cgrundey:C1|sn185_cgrundey:C2" ;
+------+-------+----------+------------------------------------------------+
; Port ; Type  ; Severity ; Details                                        ;
+------+-------+----------+------------------------------------------------+
; g_n  ; Input ; Info     ; Stuck at GND                                   ;
+------+-------+----------+------------------------------------------------+


+--------------------------------------------------------------------------+
; Port Connectivity Checks: "dual_converter_cgrundey:C1|sn184_cgrundey:C1" ;
+------+-------+----------+------------------------------------------------+
; Port ; Type  ; Severity ; Details                                        ;
+------+-------+----------+------------------------------------------------+
; g_n  ; Input ; Info     ; Stuck at GND                                   ;
+------+-------+----------+------------------------------------------------+


+-----------------------------------------------------+
; Post-Synthesis Netlist Statistics for Top Partition ;
+-----------------------+-----------------------------+
; Type                  ; Count                       ;
+-----------------------+-----------------------------+
; arriav_lcell_comb     ; 37                          ;
;     normal            ; 37                          ;
;         0 data inputs ; 2                           ;
;         1 data inputs ; 7                           ;
;         2 data inputs ; 4                           ;
;         4 data inputs ; 11                          ;
;         5 data inputs ; 5                           ;
;         6 data inputs ; 8                           ;
; boundary_port         ; 62                          ;
;                       ;                             ;
; Max LUT depth         ; 4.00                        ;
; Average LUT depth     ; 2.13                        ;
+-----------------------+-----------------------------+


+-------------------------------+
; Elapsed Time Per Partition    ;
+----------------+--------------+
; Partition Name ; Elapsed Time ;
+----------------+--------------+
; Top            ; 00:00:01     ;
+----------------+--------------+


+-------------------------------+
; Analysis & Synthesis Messages ;
+-------------------------------+
Info: *******************************************************************
Info: Running Quartus Prime Analysis & Synthesis
    Info: Version 16.1.0 Build 196 10/24/2016 SJ Lite Edition
    Info: Processing started: Tue Apr 03 21:27:43 2018
Info: Command: quartus_map --read_settings_files=on --write_settings_files=off project3aTop -c project3aTop
Warning (18236): Number of processors has not been specified which may cause overloading on shared machines.  Set the global assignment NUM_PARALLEL_PROCESSORS in your QSF to an appropriate value for best performance.
Info (20030): Parallel compilation is enabled and will use 2 of the 2 processors detected
Info (12021): Found 1 design units, including 1 entities, in source file tb_project3a.v
    Info (12023): Found entity 1: tb_project3a File: C:/Users/cjgru/Documents/Senior/Digital_Design_I/cgrundey_P3A/project3aTop_restored/tb_project3a.v Line: 11
Info (12021): Found 1 design units, including 1 entities, in source file project3atop.v
    Info (12023): Found entity 1: project3aTop File: C:/Users/cjgru/Documents/Senior/Digital_Design_I/cgrundey_P3A/project3aTop_restored/project3aTop.v Line: 16
Info (12021): Found 1 design units, including 1 entities, in source file project3atest.v
    Info (12023): Found entity 1: project3aTest File: C:/Users/cjgru/Documents/Senior/Digital_Design_I/cgrundey_P3A/project3aTop_restored/project3aTest.v Line: 12
Info (12021): Found 1 design units, including 1 entities, in source file symbol_driver_cgrundey.v
    Info (12023): Found entity 1: symbol_driver_cgrundey File: C:/Users/cjgru/Documents/Senior/Digital_Design_I/cgrundey_P3A/project3aTop_restored/symbol_driver_cgrundey.v Line: 9
Info (12021): Found 1 design units, including 1 entities, in source file dual_converter_cgrundey.v
    Info (12023): Found entity 1: dual_converter_cgrundey File: C:/Users/cjgru/Documents/Senior/Digital_Design_I/cgrundey_P3A/project3aTop_restored/dual_converter_cgrundey.v Line: 8
Info (12021): Found 1 design units, including 1 entities, in source file sn184_cgrundey.v
    Info (12023): Found entity 1: sn184_cgrundey File: C:/Users/cjgru/Documents/Senior/Digital_Design_I/cgrundey_P3A/project3aTop_restored/sn184_cgrundey.v Line: 11
Info (12021): Found 1 design units, including 1 entities, in source file sn185_cgrundey.v
    Info (12023): Found entity 1: sn185_cgrundey File: C:/Users/cjgru/Documents/Senior/Digital_Design_I/cgrundey_P3A/project3aTop_restored/sn185_cgrundey.v Line: 11
Info (12021): Found 1 design units, including 1 entities, in source file seven_segment_display_driver_cgrundey.v
    Info (12023): Found entity 1: seven_segment_display_driver_cgrundey File: C:/Users/cjgru/Documents/Senior/Digital_Design_I/cgrundey_P3A/project3aTop_restored/seven_segment_display_driver_cgrundey.v Line: 9
Info (12021): Found 1 design units, including 1 entities, in source file tb_dual_converter_cgrundey.v
    Info (12023): Found entity 1: tb_dual_converter_cgrundey File: C:/Users/cjgru/Documents/Senior/Digital_Design_I/cgrundey_P3A/project3aTop_restored/tb_dual_converter_cgrundey.v Line: 11
Info (12021): Found 1 design units, including 1 entities, in source file tb_symbol_driver_cgrundey.v
    Info (12023): Found entity 1: tb_symbol_driver_cgrundey File: C:/Users/cjgru/Documents/Senior/Digital_Design_I/cgrundey_P3A/project3aTop_restored/tb_symbol_driver_cgrundey.v Line: 11
Info (12021): Found 1 design units, including 1 entities, in source file tb_seven_segment_display_driver_cgrundey.v
    Info (12023): Found entity 1: tb_seven_segment_display_driver_cgrundey File: C:/Users/cjgru/Documents/Senior/Digital_Design_I/cgrundey_P3A/project3aTop_restored/tb_seven_segment_display_driver_cgrundey.v Line: 11
Warning (10236): Verilog HDL Implicit Net warning at tb_project3a.v(19): created implicit net for "HEX5" File: C:/Users/cjgru/Documents/Senior/Digital_Design_I/cgrundey_P3A/project3aTop_restored/tb_project3a.v Line: 19
Info (12127): Elaborating entity "project3aTop" for the top level hierarchy
Info (12128): Elaborating entity "dual_converter_cgrundey" for hierarchy "dual_converter_cgrundey:C1" File: C:/Users/cjgru/Documents/Senior/Digital_Design_I/cgrundey_P3A/project3aTop_restored/project3aTop.v Line: 24
Info (12128): Elaborating entity "sn184_cgrundey" for hierarchy "dual_converter_cgrundey:C1|sn184_cgrundey:C1" File: C:/Users/cjgru/Documents/Senior/Digital_Design_I/cgrundey_P3A/project3aTop_restored/dual_converter_cgrundey.v Line: 15
Warning (10230): Verilog HDL assignment warning at sn184_cgrundey.v(39): truncated value with size 32 to match size of target (6) File: C:/Users/cjgru/Documents/Senior/Digital_Design_I/cgrundey_P3A/project3aTop_restored/sn184_cgrundey.v Line: 39
Warning (10240): Verilog HDL Always Construct warning at sn184_cgrundey.v(25): inferring latch(es) for variable "scratch", which holds its previous value in one or more paths through the always construct File: C:/Users/cjgru/Documents/Senior/Digital_Design_I/cgrundey_P3A/project3aTop_restored/sn184_cgrundey.v Line: 25
Warning (10240): Verilog HDL Always Construct warning at sn184_cgrundey.v(25): inferring latch(es) for variable "tempout", which holds its previous value in one or more paths through the always construct File: C:/Users/cjgru/Documents/Senior/Digital_Design_I/cgrundey_P3A/project3aTop_restored/sn184_cgrundey.v Line: 25
Info (12128): Elaborating entity "sn185_cgrundey" for hierarchy "dual_converter_cgrundey:C1|sn185_cgrundey:C2" File: C:/Users/cjgru/Documents/Senior/Digital_Design_I/cgrundey_P3A/project3aTop_restored/dual_converter_cgrundey.v Line: 16
Warning (10230): Verilog HDL assignment warning at sn185_cgrundey.v(40): truncated value with size 32 to match size of target (4) File: C:/Users/cjgru/Documents/Senior/Digital_Design_I/cgrundey_P3A/project3aTop_restored/sn185_cgrundey.v Line: 40
Warning (10240): Verilog HDL Always Construct warning at sn185_cgrundey.v(25): inferring latch(es) for variable "scratch", which holds its previous value in one or more paths through the always construct File: C:/Users/cjgru/Documents/Senior/Digital_Design_I/cgrundey_P3A/project3aTop_restored/sn185_cgrundey.v Line: 25
Warning (10240): Verilog HDL Always Construct warning at sn185_cgrundey.v(25): inferring latch(es) for variable "tempout", which holds its previous value in one or more paths through the always construct File: C:/Users/cjgru/Documents/Senior/Digital_Design_I/cgrundey_P3A/project3aTop_restored/sn185_cgrundey.v Line: 25
Info (12128): Elaborating entity "seven_segment_display_driver_cgrundey" for hierarchy "seven_segment_display_driver_cgrundey:D1" File: C:/Users/cjgru/Documents/Senior/Digital_Design_I/cgrundey_P3A/project3aTop_restored/project3aTop.v Line: 25
Info (12128): Elaborating entity "symbol_driver_cgrundey" for hierarchy "symbol_driver_cgrundey:D5" File: C:/Users/cjgru/Documents/Senior/Digital_Design_I/cgrundey_P3A/project3aTop_restored/project3aTop.v Line: 29
Warning (13024): Output pins are stuck at VCC or GND
    Warning (13410): Pin "HEX1[1]" is stuck at GND File: C:/Users/cjgru/Documents/Senior/Digital_Design_I/cgrundey_P3A/project3aTop_restored/project3aTop.v Line: 19
    Warning (13410): Pin "HEX3[1]" is stuck at GND File: C:/Users/cjgru/Documents/Senior/Digital_Design_I/cgrundey_P3A/project3aTop_restored/project3aTop.v Line: 19
    Warning (13410): Pin "HEX4[0]" is stuck at VCC File: C:/Users/cjgru/Documents/Senior/Digital_Design_I/cgrundey_P3A/project3aTop_restored/project3aTop.v Line: 19
    Warning (13410): Pin "HEX4[2]" is stuck at GND File: C:/Users/cjgru/Documents/Senior/Digital_Design_I/cgrundey_P3A/project3aTop_restored/project3aTop.v Line: 19
    Warning (13410): Pin "HEX4[3]" is stuck at GND File: C:/Users/cjgru/Documents/Senior/Digital_Design_I/cgrundey_P3A/project3aTop_restored/project3aTop.v Line: 19
    Warning (13410): Pin "HEX4[4]" is stuck at GND File: C:/Users/cjgru/Documents/Senior/Digital_Design_I/cgrundey_P3A/project3aTop_restored/project3aTop.v Line: 19
    Warning (13410): Pin "HEX4[6]" is stuck at GND File: C:/Users/cjgru/Documents/Senior/Digital_Design_I/cgrundey_P3A/project3aTop_restored/project3aTop.v Line: 19
    Warning (13410): Pin "HEX5[0]" is stuck at VCC File: C:/Users/cjgru/Documents/Senior/Digital_Design_I/cgrundey_P3A/project3aTop_restored/project3aTop.v Line: 19
    Warning (13410): Pin "HEX5[1]" is stuck at VCC File: C:/Users/cjgru/Documents/Senior/Digital_Design_I/cgrundey_P3A/project3aTop_restored/project3aTop.v Line: 19
    Warning (13410): Pin "HEX5[2]" is stuck at VCC File: C:/Users/cjgru/Documents/Senior/Digital_Design_I/cgrundey_P3A/project3aTop_restored/project3aTop.v Line: 19
    Warning (13410): Pin "HEX5[3]" is stuck at VCC File: C:/Users/cjgru/Documents/Senior/Digital_Design_I/cgrundey_P3A/project3aTop_restored/project3aTop.v Line: 19
    Warning (13410): Pin "HEX5[4]" is stuck at VCC File: C:/Users/cjgru/Documents/Senior/Digital_Design_I/cgrundey_P3A/project3aTop_restored/project3aTop.v Line: 19
    Warning (13410): Pin "HEX5[5]" is stuck at VCC File: C:/Users/cjgru/Documents/Senior/Digital_Design_I/cgrundey_P3A/project3aTop_restored/project3aTop.v Line: 19
    Warning (13410): Pin "HEX5[6]" is stuck at VCC File: C:/Users/cjgru/Documents/Senior/Digital_Design_I/cgrundey_P3A/project3aTop_restored/project3aTop.v Line: 19
Info (286030): Timing-Driven Synthesis is running
Info (16010): Generating hard_block partition "hard_block:auto_generated_inst"
    Info (16011): Adding 0 node(s), including 0 DDIO, 0 PLL, 0 transceiver and 0 LCELL
Info (21057): Implemented 90 device resources after synthesis - the final resource count might be different
    Info (21058): Implemented 10 input pins
    Info (21059): Implemented 52 output pins
    Info (21061): Implemented 28 logic cells
Info: Quartus Prime Analysis & Synthesis was successful. 0 errors, 23 warnings
    Info: Peak virtual memory: 725 megabytes
    Info: Processing ended: Tue Apr 03 21:28:07 2018
    Info: Elapsed time: 00:00:24
    Info: Total CPU time (on all processors): 00:00:50


